<?xml version="1.0" encoding="UTF-8"?>
<!-- Generated by org.testng.reporters.JUnitReportReporter -->
<testsuite hostname="Natrajan-PC" failures="0" tests="1" name="Testcase.Addcustomertest" time="0.000" errors="0" timestamp="2020-06-19T10:43:12 IST" skipped="1">
  <testcase classname="Testcase.Addcustomertest" name="Addcustomer" time="0.000">
    <skipped/>
  </testcase> <!-- Addcustomer -->
  <system-out/>
</testsuite> <!-- Testcase.Addcustomertest -->
