<?xml version="1.0" encoding="UTF-8"?>
<!-- Generated by org.testng.reporters.JUnitReportReporter -->
<testsuite hostname="Natrajan-PC" failures="0" tests="1" name="Testcase.bankmagerlogin" time="2.154" errors="0" timestamp="2020-06-19T10:43:12 IST" skipped="0">
  <testcase classname="Testcase.bankmagerlogin" name="bankmager" time="2.154"/>
  <system-out/>
</testsuite> <!-- Testcase.bankmagerlogin -->
